0 info it worked if it ends with ok
1 verbose cli [ '/home/violin/.nvm/versions/node/v6.4.0/bin/node',
1 verbose cli   '/home/violin/.nvm/versions/node/v6.4.0/bin/npm',
1 verbose cli   'publish' ]
2 info using npm@3.10.3
3 info using node@v6.4.0
4 verbose publish [ '.' ]
5 verbose stack Error: Failed to parse json
5 verbose stack Unexpected token 'b' at 18:6
5 verbose stack     "bluebird": "=3.5.0"
5 verbose stack      ^
5 verbose stack     at parseError (/home/violin/.nvm/versions/node/v6.4.0/lib/node_modules/npm/node_modules/read-package-json/read-json.js:390:11)
5 verbose stack     at parseJson (/home/violin/.nvm/versions/node/v6.4.0/lib/node_modules/npm/node_modules/read-package-json/read-json.js:79:23)
5 verbose stack     at /home/violin/.nvm/versions/node/v6.4.0/lib/node_modules/npm/node_modules/read-package-json/read-json.js:48:5
5 verbose stack     at /home/violin/.nvm/versions/node/v6.4.0/lib/node_modules/npm/node_modules/graceful-fs/graceful-fs.js:78:16
5 verbose stack     at tryToString (fs.js:455:3)
5 verbose stack     at FSReqWrap.readFileAfterClose [as oncomplete] (fs.js:442:12)
6 verbose cwd /home/violin/program/businesdModel
7 error Linux 3.19.0-80-generic
8 error argv "/home/violin/.nvm/versions/node/v6.4.0/bin/node" "/home/violin/.nvm/versions/node/v6.4.0/bin/npm" "publish"
9 error node v6.4.0
10 error npm  v3.10.3
11 error file /home/violin/program/businesdModel/package.json
12 error code EJSONPARSE
13 error Failed to parse json
13 error Unexpected token 'b' at 18:6
13 error     "bluebird": "=3.5.0"
13 error      ^
14 error File: /home/violin/program/businesdModel/package.json
15 error Failed to parse package.json data.
15 error package.json must be actual JSON, not just JavaScript.
15 error
15 error This is not a bug in npm.
15 error Tell the package author to fix their package.json file. JSON.parse
16 verbose exit [ 1, true ]
